[rusla@alsur hlapp]$ vagrant up
Bringing machine 'master' up with 'virtualbox' provider...
Bringing machine 'slave' up with 'virtualbox' provider...
==> master: Checking if box 'bento/ubuntu-20.04' version '202008.16.0' is up to date...
==> master: Clearing any previously set forwarded ports...
==> master: Clearing any previously set network interfaces...
==> master: Preparing network interfaces based on configuration...
    master: Adapter 1: nat
    master: Adapter 2: hostonly
==> master: Forwarding ports...
    master: 22 (guest) => 2222 (host) (adapter 1)
==> master: Running 'pre-boot' VM customizations...
==> master: Booting VM...
==> master: Waiting for machine to boot. This may take a few minutes...
    master: SSH address: 127.0.0.1:2222
    master: SSH username: vagrant
    master: SSH auth method: private key
==> master: Machine booted and ready!
==> master: Checking for guest additions in VM...
==> master: Setting hostname...
==> master: Configuring and enabling network interfaces...
==> master: Rsyncing folder: /home/rusla/dev/hlapp/ => /home/vagrant/dev/app
==> master:   - Exclude: [".vagrant/", ".idea/"]
==> master: Machine already provisioned. Run `vagrant provision` or use the `--provision`
==> master: flag to force provisioning. Provisioners marked to run always will still run.
==> master: Running provisioner: shell...
    master: Running: inline script
    master: Hello from the Master virtual machine


==> slave: Checking if box 'bento/ubuntu-20.04' version '202008.16.0' is up to date...
==> slave: Clearing any previously set forwarded ports...
==> slave: Fixed port collision for 22 => 2222. Now on port 2200.
==> slave: Clearing any previously set network interfaces...
==> slave: Preparing network interfaces based on configuration...
    slave: Adapter 1: nat
    slave: Adapter 2: hostonly
==> slave: Forwarding ports...
    slave: 22 (guest) => 2200 (host) (adapter 1)
==> slave: Running 'pre-boot' VM customizations...
==> slave: Booting VM...
==> slave: Waiting for machine to boot. This may take a few minutes...
    slave: SSH address: 127.0.0.1:2200
    slave: SSH username: vagrant
    slave: SSH auth method: private key
==> slave: Machine booted and ready!
==> slave: Checking for guest additions in VM...
==> slave: Setting hostname...
==> slave: Configuring and enabling network interfaces...
==> slave: Rsyncing folder: /home/rusla/dev/hlapp/ => /home/vagrant/dev/app
==> slave:   - Exclude: [".vagrant/", ".idea/"]
==> slave: Machine already provisioned. Run `vagrant provision` or use the `--provision`
==> slave: flag to force provisioning. Provisioners marked to run always will still run.
==> slave: Running provisioner: shell...
    slave: Running: inline script
    slave: Hello from the Slave virtual machine
[rusla@alsur hlapp]$