[2020-08-25T01:08:12.606447+07:00] log.WARNING: ПРЕДУПРЕЖДЕНИЕ! Время генерации: 4.8917500972748 сек. [] []
[2020-08-25T01:08:12.607679+07:00] log.DEBUG: ОТЛАДКА! Время генерации: 4.8932819366455 сек. [] []
[2020-08-25T01:08:12.607767+07:00] log.INFO: ИНФОРМАЦИЯ! Время генерации: 4.8933749198914 сек. [] []
[2020-08-25T01:08:12.607908+07:00] log.ERROR: ОШИБКА! Время генерации: 4.8935179710388 сек. [] []
[2020-08-25T01:08:12.608262+07:00] log.ALERT: ОПОВЕШЕНИЕ! Время генерации: 4.8938720226288 сек. [] []
[2020-08-25T01:08:12.608759+07:00] log.CRITICAL: КРИТИЧНО! Время генерации: 4.8943700790405 сек. [] []
[2020-08-25T01:08:12.609142+07:00] log.EMERGENCY: ЭКСТРЕННО! Время генерации: 4.8947539329529 сек. [] []
[2020-08-25T01:08:12.609704+07:00] log.DEBUG: Изменения в использовании памяти: 1470592 байтов [] []
[2020-08-25T01:08:17.527044+07:00] log.WARNING: ПРЕДУПРЕЖДЕНИЕ! Время генерации: 4.8693211078644 сек. [] []
[2020-08-25T01:08:17.528204+07:00] log.DEBUG: ОТЛАДКА! Время генерации: 4.8706510066986 сек. [] []
[2020-08-25T01:08:17.528303+07:00] log.INFO: ИНФОРМАЦИЯ! Время генерации: 4.8707621097565 сек. [] []
[2020-08-25T01:08:17.528462+07:00] log.ERROR: ОШИБКА! Время генерации: 4.8709230422974 сек. [] []
[2020-08-25T01:08:17.528863+07:00] log.ALERT: ОПОВЕШЕНИЕ! Время генерации: 4.8713250160217 сек. [] []
[2020-08-25T01:08:17.529407+07:00] log.CRITICAL: КРИТИЧНО! Время генерации: 4.8718690872192 сек. [] []
[2020-08-25T01:08:17.529821+07:00] log.EMERGENCY: ЭКСТРЕННО! Время генерации: 4.8722839355469 сек. [] []
[2020-08-25T01:08:17.530453+07:00] log.DEBUG: Изменения в использовании памяти: 1470632 байтов [] []
[2020-08-25T01:09:30.719014+07:00] log.WARNING: ПРЕДУПРЕЖДЕНИЕ! Время генерации: 5.0657019615173 сек. [] []
[2020-08-25T01:09:30.719991+07:00] log.DEBUG: ОТЛАДКА! Время генерации: 5.0668821334839 сек. [] []
[2020-08-25T01:09:30.720079+07:00] log.INFO: ИНФОРМАЦИЯ! Время генерации: 5.0669770240784 сек. [] []
[2020-08-25T01:09:30.720224+07:00] log.ERROR: ОШИБКА! Время генерации: 5.0671229362488 сек. [] []
[2020-08-25T01:09:30.720563+07:00] log.ALERT: ОПОВЕШЕНИЕ! Время генерации: 5.0674641132355 сек. [] []
[2020-08-25T01:09:30.721046+07:00] log.CRITICAL: КРИТИЧНО! Время генерации: 5.0679471492767 сек. [] []
[2020-08-25T01:09:30.721420+07:00] log.EMERGENCY: ЭКСТРЕННО! Время генерации: 5.0683219432831 сек. [] []
[2020-08-25T01:09:30.721990+07:00] log.DEBUG: Изменения в использовании памяти: 1470592 байтов [] []
[2020-08-25T01:09:35.629924+07:00] log.WARNING: ПРЕДУПРЕЖДЕНИЕ! Время генерации: 4.8604040145874 сек. [] []
[2020-08-25T01:09:35.630844+07:00] log.DEBUG: ОТЛАДКА! Время генерации: 4.8614919185638 сек. [] []
[2020-08-25T01:09:35.630932+07:00] log.INFO: ИНФОРМАЦИЯ! Время генерации: 4.8615849018097 сек. [] []
[2020-08-25T01:09:35.631074+07:00] log.ERROR: ОШИБКА! Время генерации: 4.8617289066315 сек. [] []
[2020-08-25T01:09:35.631411+07:00] log.ALERT: ОПОВЕШЕНИЕ! Время генерации: 4.8620669841766 сек. [] []
[2020-08-25T01:09:35.631878+07:00] log.CRITICAL: КРИТИЧНО! Время генерации: 4.8625340461731 сек. [] []
[2020-08-25T01:09:35.632270+07:00] log.EMERGENCY: ЭКСТРЕННО! Время генерации: 4.8629250526428 сек. [] []
[2020-08-25T01:09:35.632825+07:00] log.DEBUG: Изменения в использовании памяти: 1470632 байтов [] []
[2020-08-25T01:10:21.239293+07:00] log.WARNING: ПРЕДУПРЕЖДЕНИЕ! Время генерации: 4.8534350395203 сек. [] []
[2020-08-25T01:10:21.240336+07:00] log.DEBUG: ОТЛАДКА! Время генерации: 4.8546340465546 сек. [] []
[2020-08-25T01:10:21.240434+07:00] log.INFO: ИНФОРМАЦИЯ! Время генерации: 4.8547611236572 сек. [] []
[2020-08-25T01:10:21.240593+07:00] log.ERROR: ОШИБКА! Время генерации: 4.8549220561981 сек. [] []
[2020-08-25T01:10:21.240976+07:00] log.ALERT: ОПОВЕШЕНИЕ! Время генерации: 4.8553059101105 сек. [] []
[2020-08-25T01:10:21.241520+07:00] log.CRITICAL: КРИТИЧНО! Время генерации: 4.8558480739594 сек. [] []
[2020-08-25T01:10:21.241937+07:00] log.EMERGENCY: ЭКСТРЕННО! Время генерации: 4.8562679290771 сек. [] []
[2020-08-25T01:10:21.242575+07:00] log.DEBUG: Изменения в использовании памяти: 1470592 байтов [] []
[2020-08-25T01:10:26.148321+07:00] log.WARNING: ПРЕДУПРЕЖДЕНИЕ! Время генерации: 4.8426051139832 сек. [] []
[2020-08-25T01:10:26.149246+07:00] log.DEBUG: ОТЛАДКА! Время генерации: 4.8437149524689 сек. [] []
[2020-08-25T01:10:26.149334+07:00] log.INFO: ИНФОРМАЦИЯ! Время генерации: 4.8438069820404 сек. [] []
[2020-08-25T01:10:26.149493+07:00] log.ERROR: ОШИБКА! Время генерации: 4.8439660072327 сек. [] []
[2020-08-25T01:10:26.149831+07:00] log.ALERT: ОПОВЕШЕНИЕ! Время генерации: 4.8443059921265 сек. [] []
[2020-08-25T01:10:26.150302+07:00] log.CRITICAL: КРИТИЧНО! Время генерации: 4.8447761535645 сек. [] []
[2020-08-25T01:10:26.150673+07:00] log.EMERGENCY: ЭКСТРЕННО! Время генерации: 4.8451490402222 сек. [] []
[2020-08-25T01:10:26.151221+07:00] log.DEBUG: Изменения в использовании памяти: 1470632 байтов [] []
[2020-08-25T01:10:29.939730+07:00] log.WARNING: ПРЕДУПРЕЖДЕНИЕ! Время генерации: 4.8612248897552 сек. [] []
[2020-08-25T01:10:29.940633+07:00] log.DEBUG: ОТЛАДКА! Время генерации: 4.8623239994049 сек. [] []
[2020-08-25T01:10:29.940720+07:00] log.INFO: ИНФОРМАЦИЯ! Время генерации: 4.8624141216278 сек. [] []
[2020-08-25T01:10:29.940862+07:00] log.ERROR: ОШИБКА! Время генерации: 4.8625569343567 сек. [] []
[2020-08-25T01:10:29.941217+07:00] log.ALERT: ОПОВЕШЕНИЕ! Время генерации: 4.8629140853882 сек. [] []
[2020-08-25T01:10:29.941684+07:00] log.CRITICAL: КРИТИЧНО! Время генерации: 4.8633809089661 сек. [] []
[2020-08-25T01:10:29.942053+07:00] log.EMERGENCY: ЭКСТРЕННО! Время генерации: 4.8637509346008 сек. [] []
[2020-08-25T01:10:29.942614+07:00] log.DEBUG: Изменения в использовании памяти: 1470472 байтов [] []
[2020-08-25T01:10:34.821457+07:00] log.WARNING: ПРЕДУПРЕЖДЕНИЕ! Время генерации: 4.8440170288086 сек. [] []
[2020-08-25T01:10:34.822546+07:00] log.DEBUG: ОТЛАДКА! Время генерации: 4.8454060554504 сек. [] []
[2020-08-25T01:10:34.822632+07:00] log.INFO: ИНФОРМАЦИЯ! Время генерации: 4.8454961776733 сек. [] []
[2020-08-25T01:10:34.822774+07:00] log.ERROR: ОШИБКА! Время генерации: 4.8456389904022 сек. [] []
[2020-08-25T01:10:34.823109+07:00] log.ALERT: ОПОВЕШЕНИЕ! Время генерации: 4.8459761142731 сек. [] []
[2020-08-25T01:10:34.823578+07:00] log.CRITICAL: КРИТИЧНО! Время генерации: 4.8464441299438 сек. [] []
[2020-08-25T01:10:34.823947+07:00] log.EMERGENCY: ЭКСТРЕННО! Время генерации: 4.8468151092529 сек. [] []
[2020-08-25T01:10:34.824490+07:00] log.DEBUG: Изменения в использовании памяти: 1470624 байтов [] []
[2020-08-25T01:11:27.245727+07:00] log.WARNING: ПРЕДУПРЕЖДЕНИЕ! Время генерации: 4.9092869758606 сек. [] []
[2020-08-25T01:11:27.246636+07:00] log.DEBUG: ОТЛАДКА! Время генерации: 4.9103798866272 сек. [] []
[2020-08-25T01:11:27.246737+07:00] log.INFO: ИНФОРМАЦИЯ! Время генерации: 4.9104790687561 сек. [] []
[2020-08-25T01:11:27.246917+07:00] log.ERROR: ОШИБКА! Время генерации: 4.9106659889221 сек. [] []
[2020-08-25T01:11:27.247270+07:00] log.ALERT: ОПОВЕШЕНИЕ! Время генерации: 4.9110209941864 сек. [] []
[2020-08-25T01:11:27.247738+07:00] log.CRITICAL: КРИТИЧНО! Время генерации: 4.9114890098572 сек. [] []
[2020-08-25T01:11:27.248108+07:00] log.EMERGENCY: ЭКСТРЕННО! Время генерации: 4.9118599891663 сек. [] []
[2020-08-25T01:11:32.170513+07:00] log.WARNING: ПРЕДУПРЕЖДЕНИЕ! Время генерации: 4.8738508224487 сек. [] []
[2020-08-25T01:11:32.171582+07:00] log.DEBUG: ОТЛАДКА! Время генерации: 4.8752038478851 сек. [] []
[2020-08-25T01:11:32.171670+07:00] log.INFO: ИНФОРМАЦИЯ! Время генерации: 4.8752949237823 сек. [] []
[2020-08-25T01:11:32.171812+07:00] log.ERROR: ОШИБКА! Время генерации: 4.8754389286041 сек. [] []
[2020-08-25T01:11:32.172147+07:00] log.ALERT: ОПОВЕШЕНИЕ! Время генерации: 4.8757748603821 сек. [] []
[2020-08-25T01:11:32.172631+07:00] log.CRITICAL: КРИТИЧНО! Время генерации: 4.8762588500977 сек. [] []
[2020-08-25T01:11:32.173007+07:00] log.EMERGENCY: ЭКСТРЕННО! Время генерации: 4.8766360282898 сек. [] []
[2020-08-25T01:14:32.390999+07:00] log.WARNING: ПРЕДУПРЕЖДЕНИЕ! Время генерации: 5.0157508850098 сек. [] []
[2020-08-25T01:14:32.391918+07:00] log.DEBUG: ОТЛАДКА! Время генерации: 5.0168428421021 сек. [] []
[2020-08-25T01:14:32.392004+07:00] log.INFO: ИНФОРМАЦИЯ! Время генерации: 5.016932964325 сек. [] []
[2020-08-25T01:14:32.392144+07:00] log.ERROR: ОШИБКА! Время генерации: 5.0170748233795 сек. [] []
[2020-08-25T01:14:32.392492+07:00] log.ALERT: ОПОВЕШЕНИЕ! Время генерации: 5.0174238681793 сек. [] []
[2020-08-25T01:14:32.392980+07:00] log.CRITICAL: КРИТИЧНО! Время генерации: 5.0179109573364 сек. [] []
[2020-08-25T01:14:32.393354+07:00] log.EMERGENCY: ЭКСТРЕННО! Время генерации: 5.0182869434357 сек. [] []
[2020-08-25T01:14:37.334680+07:00] log.WARNING: ПРЕДУПРЕЖДЕНИЕ! Время генерации: 4.8955490589142 сек. [] []
[2020-08-25T01:14:37.335894+07:00] log.DEBUG: ОТЛАДКА! Время генерации: 4.8969478607178 сек. [] []
[2020-08-25T01:14:37.335983+07:00] log.INFO: ИНФОРМАЦИЯ! Время генерации: 4.8970420360565 сек. [] []
[2020-08-25T01:14:37.336126+07:00] log.ERROR: ОШИБКА! Время генерации: 4.8971869945526 сек. [] []
[2020-08-25T01:14:37.336464+07:00] log.ALERT: ОПОВЕШЕНИЕ! Время генерации: 4.8975260257721 сек. [] []
[2020-08-25T01:14:37.336936+07:00] log.CRITICAL: КРИТИЧНО! Время генерации: 4.8979978561401 сек. [] []
[2020-08-25T01:14:37.337306+07:00] log.EMERGENCY: ЭКСТРЕННО! Время генерации: 4.8983690738678 сек. [] []
[2020-08-25T01:15:27.129854+07:00] log.WARNING: ПРЕДУПРЕЖДЕНИЕ! Время генерации: 4.8986871242523 сек. [] []
[2020-08-25T01:15:27.130841+07:00] log.DEBUG: ОТЛАДКА! Время генерации: 4.8998770713806 сек. [] []
[2020-08-25T01:15:27.130929+07:00] log.INFO: ИНФОРМАЦИЯ! Время генерации: 4.8999741077423 сек. [] []
[2020-08-25T01:15:27.131098+07:00] log.ERROR: ОШИБКА! Время генерации: 4.9001441001892 сек. [] []
[2020-08-25T01:15:27.131459+07:00] log.ALERT: ОПОВЕШЕНИЕ! Время генерации: 4.9005069732666 сек. [] []
[2020-08-25T01:15:27.131932+07:00] log.CRITICAL: КРИТИЧНО! Время генерации: 4.9009799957275 сек. [] []
[2020-08-25T01:15:27.132415+07:00] log.EMERGENCY: ЭКСТРЕННО! Время генерации: 4.9014570713043 сек. [] []
[2020-08-25T01:15:27.133267+07:00] log.DEBUG: Изменения в использовании памяти: 1470592 байтов [] []
[2020-08-25T01:15:32.028185+07:00] log.WARNING: ПРЕДУПРЕЖДЕНИЕ! Время генерации: 4.8561198711395 сек. [] []
[2020-08-25T01:15:32.029126+07:00] log.DEBUG: ОТЛАДКА! Время генерации: 4.8572289943695 сек. [] []
[2020-08-25T01:15:32.029214+07:00] log.INFO: ИНФОРМАЦИЯ! Время генерации: 4.857323884964 сек. [] []
[2020-08-25T01:15:32.029357+07:00] log.ERROR: ОШИБКА! Время генерации: 4.8574678897858 сек. [] []
[2020-08-25T01:15:32.029720+07:00] log.ALERT: ОПОВЕШЕНИЕ! Время генерации: 4.8578319549561 сек. [] []
[2020-08-25T01:15:32.030196+07:00] log.CRITICAL: КРИТИЧНО! Время генерации: 4.8583078384399 сек. [] []
[2020-08-25T01:15:32.030590+07:00] log.EMERGENCY: ЭКСТРЕННО! Время генерации: 4.8587028980255 сек. [] []
[2020-08-25T01:15:32.031149+07:00] log.DEBUG: Изменения в использовании памяти: 1470632 байтов [] []
[2020-08-25T01:19:40.894617+07:00] log.WARNING: ПРЕДУПРЕЖДЕНИЕ! Время генерации: 4.9323191642761 сек. [] []
[2020-08-25T01:19:40.895534+07:00] log.DEBUG: ОТЛАДКА! Время генерации: 4.9334270954132 сек. [] []
[2020-08-25T01:19:40.895621+07:00] log.INFO: ИНФОРМАЦИЯ! Время генерации: 4.9335181713104 сек. [] []
[2020-08-25T01:19:40.895780+07:00] log.ERROR: ОШИБКА! Время генерации: 4.933678150177 сек. [] []
[2020-08-25T01:19:40.896117+07:00] log.ALERT: ОПОВЕШЕНИЕ! Время генерации: 4.9340171813965 сек. [] []
[2020-08-25T01:19:40.896591+07:00] log.CRITICAL: КРИТИЧНО! Время генерации: 4.9344911575317 сек. [] []
[2020-08-25T01:19:40.896961+07:00] log.EMERGENCY: ЭКСТРЕННО! Время генерации: 4.9348621368408 сек. [] []
[2020-08-25T01:19:40.897472+07:00] log.DEBUG: Изменения в использовании памяти:  байтов [] []
[2020-08-25T01:19:45.827454+07:00] log.WARNING: ПРЕДУПРЕЖДЕНИЕ! Время генерации: 4.8827719688416 сек. [] []
[2020-08-25T01:19:45.828363+07:00] log.DEBUG: ОТЛАДКА! Время генерации: 4.8838641643524 сек. [] []
[2020-08-25T01:19:45.828449+07:00] log.INFO: ИНФОРМАЦИЯ! Время генерации: 4.8839530944824 сек. [] []
[2020-08-25T01:19:45.828590+07:00] log.ERROR: ОШИБКА! Время генерации: 4.884094953537 сек. [] []
[2020-08-25T01:19:45.828924+07:00] log.ALERT: ОПОВЕШЕНИЕ! Время генерации: 4.8844301700592 сек. [] []
[2020-08-25T01:19:45.829407+07:00] log.CRITICAL: КРИТИЧНО! Время генерации: 4.8849141597748 сек. [] []
[2020-08-25T01:19:45.829774+07:00] log.EMERGENCY: ЭКСТРЕННО! Время генерации: 4.8852820396423 сек. [] []
[2020-08-25T01:19:45.830308+07:00] log.DEBUG: Изменения в использовании памяти:  байтов [] []
[2020-08-25T01:20:22.839315+07:00] log.WARNING: ПРЕДУПРЕЖДЕНИЕ! Время генерации: 4.8610870838165 сек. [] []
[2020-08-25T01:20:22.840231+07:00] log.DEBUG: ОТЛАДКА! Время генерации: 4.8621830940247 сек. [] []
[2020-08-25T01:20:22.840318+07:00] log.INFO: ИНФОРМАЦИЯ! Время генерации: 4.862272977829 сек. [] []
[2020-08-25T01:20:22.840474+07:00] log.ERROR: ОШИБКА! Время генерации: 4.8624300956726 сек. [] []
[2020-08-25T01:20:22.840817+07:00] log.ALERT: ОПОВЕШЕНИЕ! Время генерации: 4.8627750873566 сек. [] []
[2020-08-25T01:20:22.841293+07:00] log.CRITICAL: КРИТИЧНО! Время генерации: 4.8632509708405 сек. [] []
[2020-08-25T01:20:22.841661+07:00] log.EMERGENCY: ЭКСТРЕННО! Время генерации: 4.8636200428009 сек. [] []
[2020-08-25T01:20:22.842211+07:00] log.DEBUG: -626560 байтов [] []
[2020-08-25T01:20:27.738935+07:00] log.WARNING: ПРЕДУПРЕЖДЕНИЕ! Время генерации: 4.8486611843109 сек. [] []
[2020-08-25T01:20:27.739957+07:00] log.DEBUG: ОТЛАДКА! Время генерации: 4.849848985672 сек. [] []
[2020-08-25T01:20:27.740046+07:00] log.INFO: ИНФОРМАЦИЯ! Время генерации: 4.8499431610107 сек. [] []
[2020-08-25T01:20:27.740191+07:00] log.ERROR: ОШИБКА! Время генерации: 4.8500890731812 сек. [] []
[2020-08-25T01:20:27.740540+07:00] log.ALERT: ОПОВЕШЕНИЕ! Время генерации: 4.850438117981 сек. [] []
[2020-08-25T01:20:27.741023+07:00] log.CRITICAL: КРИТИЧНО! Время генерации: 4.8509221076965 сек. [] []
[2020-08-25T01:20:27.741395+07:00] log.EMERGENCY: ЭКСТРЕННО! Время генерации: 4.8512949943542 сек. [] []
[2020-08-25T01:20:27.741953+07:00] log.DEBUG: -626520 байтов [] []
[2020-08-25T01:21:44.924028+07:00] log.WARNING: ПРЕДУПРЕЖДЕНИЕ! Время генерации: 4.8616139888763 сек. [] []
[2020-08-25T01:21:44.924934+07:00] log.DEBUG: ОТЛАДКА! Время генерации: 4.862683057785 сек. [] []
[2020-08-25T01:21:44.925022+07:00] log.INFO: ИНФОРМАЦИЯ! Время генерации: 4.8627769947052 сек. [] []
[2020-08-25T01:21:44.925165+07:00] log.ERROR: ОШИБКА! Время генерации: 4.862920999527 сек. [] []
[2020-08-25T01:21:44.925501+07:00] log.ALERT: ОПОВЕШЕНИЕ! Время генерации: 4.8632590770721 сек. [] []
[2020-08-25T01:21:44.926013+07:00] log.CRITICAL: КРИТИЧНО! Время генерации: 4.8637681007385 сек. [] []
[2020-08-25T01:21:44.926386+07:00] log.EMERGENCY: ЭКСТРЕННО! Время генерации: 4.8641440868378 сек. [] []
[2020-08-25T01:21:44.926986+07:00] log.DEBUG: Изменения в использовании памяти: 1470544 байтов [] []
[2020-08-25T01:21:49.829932+07:00] log.WARNING: ПРЕДУПРЕЖДЕНИЕ! Время генерации: 4.8586850166321 сек. [] []
[2020-08-25T01:21:49.830811+07:00] log.DEBUG: ОТЛАДКА! Время генерации: 4.8597300052643 сек. [] []
[2020-08-25T01:21:49.830897+07:00] log.INFO: ИНФОРМАЦИЯ! Время генерации: 4.8598198890686 сек. [] []
[2020-08-25T01:21:49.831038+07:00] log.ERROR: ОШИБКА! Время генерации: 4.8599619865417 сек. [] []
[2020-08-25T01:21:49.831377+07:00] log.ALERT: ОПОВЕШЕНИЕ! Время генерации: 4.8603029251099 сек. [] []
[2020-08-25T01:21:49.831845+07:00] log.CRITICAL: КРИТИЧНО! Время генерации: 4.8607699871063 сек. [] []
[2020-08-25T01:21:49.832215+07:00] log.EMERGENCY: ЭКСТРЕННО! Время генерации: 4.8611419200897 сек. [] []
[2020-08-25T01:21:49.832780+07:00] log.DEBUG: Изменения в использовании памяти: 1470584 байтов [] []
[2020-08-25T01:26:09.138970+07:00] log.WARNING: ПРЕДУПРЕЖДЕНИЕ! Время генерации: 4.8744060993195 сек. [] []
[2020-08-25T01:26:09.139879+07:00] log.DEBUG: ОТЛАДКА! Время генерации: 4.8755061626434 сек. [] []
[2020-08-25T01:26:09.139966+07:00] log.INFO: ИНФОРМАЦИЯ! Время генерации: 4.8755950927734 сек. [] []
[2020-08-25T01:26:09.140107+07:00] log.ERROR: ОШИБКА! Время генерации: 4.875736951828 сек. [] []
[2020-08-25T01:26:09.140460+07:00] log.ALERT: ОПОВЕШЕНИЕ! Время генерации: 4.8760919570923 сек. [] []
[2020-08-25T01:26:09.140936+07:00] log.CRITICAL: КРИТИЧНО! Время генерации: 4.8765680789948 сек. [] []
[2020-08-25T01:26:09.141308+07:00] log.EMERGENCY: ЭКСТРЕННО! Время генерации: 4.8769421577454 сек. [] []
[2020-08-25T01:26:09.141858+07:00] log.DEBUG: Изменения в использовании памяти: $memory_diff байтов [] []
[2020-08-25T01:26:14.065990+07:00] log.WARNING: ПРЕДУПРЕЖДЕНИЕ! Время генерации: 4.8670771121979 сек. [] []
[2020-08-25T01:26:14.066963+07:00] log.DEBUG: ОТЛАДКА! Время генерации: 4.8682329654694 сек. [] []
[2020-08-25T01:26:14.067052+07:00] log.INFO: ИНФОРМАЦИЯ! Время генерации: 4.8683300018311 сек. [] []
[2020-08-25T01:26:14.067193+07:00] log.ERROR: ОШИБКА! Время генерации: 4.8684730529785 сек. [] []
[2020-08-25T01:26:14.067531+07:00] log.ALERT: ОПОВЕШЕНИЕ! Время генерации: 4.868812084198 сек. [] []
[2020-08-25T01:26:14.068031+07:00] log.CRITICAL: КРИТИЧНО! Время генерации: 4.8693120479584 сек. [] []
[2020-08-25T01:26:14.068405+07:00] log.EMERGENCY: ЭКСТРЕННО! Время генерации: 4.8696880340576 сек. [] []
[2020-08-25T01:26:14.068986+07:00] log.DEBUG: Изменения в использовании памяти: $memory_diff байтов [] []
[2020-08-25T01:26:38.277264+07:00] log.WARNING: ПРЕДУПРЕЖДЕНИЕ! Время генерации: 4.8509359359741 сек. [] []
[2020-08-25T01:26:38.278240+07:00] log.DEBUG: ОТЛАДКА! Время генерации: 4.8520839214325 сек. [] []
[2020-08-25T01:26:38.278337+07:00] log.INFO: ИНФОРМАЦИЯ! Время генерации: 4.8521888256073 сек. [] []
[2020-08-25T01:26:38.278495+07:00] log.ERROR: ОШИБКА! Время генерации: 4.8523488044739 сек. [] []
[2020-08-25T01:26:38.278875+07:00] log.ALERT: ОПОВЕШЕНИЕ! Время генерации: 4.852728843689 сек. [] []
[2020-08-25T01:26:38.279422+07:00] log.CRITICAL: КРИТИЧНО! Время генерации: 4.8532769680023 сек. [] []
[2020-08-25T01:26:38.279838+07:00] log.EMERGENCY: ЭКСТРЕННО! Время генерации: 4.8536930084229 сек. [] []
[2020-08-25T01:26:38.280440+07:00] log.DEBUG: Изменения в использовании памяти:  байтов [] []
[2020-08-25T01:26:43.171286+07:00] log.WARNING: ПРЕДУПРЕЖДЕНИЕ! Время генерации: 4.8456959724426 сек. [] []
[2020-08-25T01:26:43.172199+07:00] log.DEBUG: ОТЛАДКА! Время генерации: 4.8467838764191 сек. [] []
[2020-08-25T01:26:43.172304+07:00] log.INFO: ИНФОРМАЦИЯ! Время генерации: 4.8468959331512 сек. [] []
[2020-08-25T01:26:43.172448+07:00] log.ERROR: ОШИБКА! Время генерации: 4.8470408916473 сек. [] []
[2020-08-25T01:26:43.172789+07:00] log.ALERT: ОПОВЕШЕНИЕ! Время генерации: 4.8473830223083 сек. [] []
[2020-08-25T01:26:43.173253+07:00] log.CRITICAL: КРИТИЧНО! Время генерации: 4.8478479385376 сек. [] []
[2020-08-25T01:26:43.173622+07:00] log.EMERGENCY: ЭКСТРЕННО! Время генерации: 4.848217010498 сек. [] []
[2020-08-25T01:26:43.174167+07:00] log.DEBUG: Изменения в использовании памяти:  байтов [] []
[2020-08-25T01:27:15.663179+07:00] log.WARNING: ПРЕДУПРЕЖДЕНИЕ! Время генерации: 5.2085390090942 сек. [] []
[2020-08-25T01:27:15.664095+07:00] log.DEBUG: ОТЛАДКА! Время генерации: 5.2096340656281 сек. [] []
[2020-08-25T01:27:15.664182+07:00] log.INFO: ИНФОРМАЦИЯ! Время генерации: 5.2097270488739 сек. [] []
[2020-08-25T01:27:15.664326+07:00] log.ERROR: ОШИБКА! Время генерации: 5.2098729610443 сек. [] []
[2020-08-25T01:27:15.664681+07:00] log.ALERT: ОПОВЕШЕНИЕ! Время генерации: 5.2102291584015 сек. [] []
[2020-08-25T01:27:15.665151+07:00] log.CRITICAL: КРИТИЧНО! Время генерации: 5.2106981277466 сек. [] []
[2020-08-25T01:27:15.665520+07:00] log.EMERGENCY: ЭКСТРЕННО! Время генерации: 5.2110691070557 сек. [] []
[2020-08-25T01:27:15.666081+07:00] log.DEBUG: Изменения в использовании памяти:  байтов [] []
[2020-08-25T01:27:20.655211+07:00] log.WARNING: ПРЕДУПРЕЖДЕНИЕ! Время генерации: 4.9509520530701 сек. [] []
[2020-08-25T01:27:20.656163+07:00] log.DEBUG: ОТЛАДКА! Время генерации: 4.9521858692169 сек. [] []
[2020-08-25T01:27:20.656248+07:00] log.INFO: ИНФОРМАЦИЯ! Время генерации: 4.9522750377655 сек. [] []
[2020-08-25T01:27:20.656389+07:00] log.ERROR: ОШИБКА! Время генерации: 4.9524168968201 сек. [] []
[2020-08-25T01:27:20.656745+07:00] log.ALERT: ОПОВЕШЕНИЕ! Время генерации: 4.9527728557587 сек. [] []
[2020-08-25T01:27:20.657228+07:00] log.CRITICAL: КРИТИЧНО! Время генерации: 4.9532568454742 сек. [] []
[2020-08-25T01:27:20.657635+07:00] log.EMERGENCY: ЭКСТРЕННО! Время генерации: 4.9536628723145 сек. [] []
[2020-08-25T01:27:20.658186+07:00] log.DEBUG: Изменения в использовании памяти:  байтов [] []
[2020-08-25T01:27:24.193947+07:00] log.WARNING: ПРЕДУПРЕЖДЕНИЕ! Время генерации: 4.860139131546 сек. [] []
[2020-08-25T01:27:24.194864+07:00] log.DEBUG: ОТЛАДКА! Время генерации: 4.8612720966339 сек. [] []
[2020-08-25T01:27:24.194950+07:00] log.INFO: ИНФОРМАЦИЯ! Время генерации: 4.8613619804382 сек. [] []
[2020-08-25T01:27:24.195091+07:00] log.ERROR: ОШИБКА! Время генерации: 4.8615050315857 сек. [] []
[2020-08-25T01:27:24.195520+07:00] log.ALERT: ОПОВЕШЕНИЕ! Время генерации: 4.8619310855865 сек. [] []
[2020-08-25T01:27:24.196019+07:00] log.CRITICAL: КРИТИЧНО! Время генерации: 4.8624331951141 сек. [] []
[2020-08-25T01:27:24.196389+07:00] log.EMERGENCY: ЭКСТРЕННО! Время генерации: 4.8628051280975 сек. [] []
[2020-08-25T01:27:24.196934+07:00] log.DEBUG: Изменения в использовании памяти: 1470424 байтов [] []
[2020-08-25T01:27:29.091079+07:00] log.WARNING: ПРЕДУПРЕЖДЕНИЕ! Время генерации: 4.8429460525513 сек. [] []
[2020-08-25T01:27:29.091990+07:00] log.DEBUG: ОТЛАДКА! Время генерации: 4.8440229892731 сек. [] []
[2020-08-25T01:27:29.092076+07:00] log.INFO: ИНФОРМАЦИЯ! Время генерации: 4.8441121578217 сек. [] []
[2020-08-25T01:27:29.092217+07:00] log.ERROR: ОШИБКА! Время генерации: 4.8442540168762 сек. [] []
[2020-08-25T01:27:29.092564+07:00] log.ALERT: ОПОВЕШЕНИЕ! Время генерации: 4.8446021080017 сек. [] []
[2020-08-25T01:27:29.093029+07:00] log.CRITICAL: КРИТИЧНО! Время генерации: 4.8450679779053 сек. [] []
[2020-08-25T01:27:29.093398+07:00] log.EMERGENCY: ЭКСТРЕННО! Время генерации: 4.84543800354 сек. [] []
[2020-08-25T01:27:29.093935+07:00] log.DEBUG: Изменения в использовании памяти: 1470584 байтов [] []
[2020-08-25T01:27:46.362238+07:00] log.WARNING: ПРЕДУПРЕЖДЕНИЕ! Время генерации: 5.0860648155212 сек. [] []
[2020-08-25T01:27:46.363250+07:00] log.DEBUG: ОТЛАДКА! Время генерации: 5.0872387886047 сек. [] []
[2020-08-25T01:27:46.363354+07:00] log.INFO: ИНФОРМАЦИЯ! Время генерации: 5.0873539447784 сек. [] []
[2020-08-25T01:27:46.363498+07:00] log.ERROR: ОШИБКА! Время генерации: 5.0875008106232 сек. [] []
[2020-08-25T01:27:46.363884+07:00] log.ALERT: ОПОВЕШЕНИЕ! Время генерации: 5.0878849029541 сек. [] []
[2020-08-25T01:27:46.364369+07:00] log.CRITICAL: КРИТИЧНО! Время генерации: 5.088369846344 сек. [] []
[2020-08-25T01:27:46.364763+07:00] log.EMERGENCY: ЭКСТРЕННО! Время генерации: 5.0887668132782 сек. [] []
[2020-08-25T01:27:46.365286+07:00] log.DEBUG: Изменения в использовании памяти: 626576 байтов [] []
[2020-08-25T01:27:51.246409+07:00] log.WARNING: ПРЕДУПРЕЖДЕНИЕ! Время генерации: 4.8370308876038 сек. [] []
[2020-08-25T01:27:51.247524+07:00] log.DEBUG: ОТЛАДКА! Время генерации: 4.8384339809418 сек. [] []
[2020-08-25T01:27:51.247627+07:00] log.INFO: ИНФОРМАЦИЯ! Время генерации: 4.8385498523712 сек. [] []
[2020-08-25T01:27:51.247773+07:00] log.ERROR: ОШИБКА! Время генерации: 4.838700056076 сек. [] []
[2020-08-25T01:27:51.248108+07:00] log.ALERT: ОПОВЕШЕНИЕ! Время генерации: 4.839035987854 сек. [] []
[2020-08-25T01:27:51.248575+07:00] log.CRITICAL: КРИТИЧНО! Время генерации: 4.8395030498505 сек. [] []
[2020-08-25T01:27:51.248976+07:00] log.EMERGENCY: ЭКСТРЕННО! Время генерации: 4.8399038314819 сек. [] []
[2020-08-25T01:27:51.249493+07:00] log.DEBUG: Изменения в использовании памяти: 626536 байтов [] []
[2020-08-25T01:29:09.058814+07:00] log.WARNING: ПРЕДУПРЕЖДЕНИЕ! Время генерации: 5.0130579471588 сек. [] []
[2020-08-25T01:29:09.059758+07:00] log.DEBUG: ОТЛАДКА! Время генерации: 5.0141758918762 сек. [] []
[2020-08-25T01:29:09.059845+07:00] log.INFO: ИНФОРМАЦИЯ! Время генерации: 5.0142669677734 сек. [] []
[2020-08-25T01:29:09.059987+07:00] log.ERROR: ОШИБКА! Время генерации: 5.0144100189209 сек. [] []
[2020-08-25T01:29:09.060325+07:00] log.ALERT: ОПОВЕШЕНИЕ! Время генерации: 5.0147490501404 сек. [] []
[2020-08-25T01:29:09.060797+07:00] log.CRITICAL: КРИТИЧНО! Время генерации: 5.015221118927 сек. [] []
[2020-08-25T01:29:09.061165+07:00] log.EMERGENCY: ЭКСТРЕННО! Время генерации: 5.0155899524689 сек. [] []
[2020-08-25T01:29:09.061706+07:00] log.DEBUG: Изменения в использовании памяти: 1470496 байтов [] []
[2020-08-25T01:29:14.004926+07:00] log.WARNING: ПРЕДУПРЕЖДЕНИЕ! Время генерации: 4.8952460289001 сек. [] []
[2020-08-25T01:29:14.006148+07:00] log.DEBUG: ОТЛАДКА! Время генерации: 4.8966438770294 сек. [] []
[2020-08-25T01:29:14.006235+07:00] log.INFO: ИНФОРМАЦИЯ! Время генерации: 4.8967368602753 сек. [] []
[2020-08-25T01:29:14.006376+07:00] log.ERROR: ОШИБКА! Время генерации: 4.8968799114227 сек. [] []
[2020-08-25T01:29:14.006713+07:00] log.ALERT: ОПОВЕШЕНИЕ! Время генерации: 4.8972179889679 сек. [] []
[2020-08-25T01:29:14.007194+07:00] log.CRITICAL: КРИТИЧНО! Время генерации: 4.8976988792419 сек. [] []
[2020-08-25T01:29:14.007584+07:00] log.EMERGENCY: ЭКСТРЕННО! Время генерации: 4.8980889320374 сек. [] []
[2020-08-25T01:29:14.008137+07:00] log.DEBUG: Изменения в использовании памяти: 1470536 байтов [] []
[2020-08-25T01:30:12.620605+07:00] log.WARNING: ПРЕДУПРЕЖДЕНИЕ! Время генерации: 4.8976538181305 сек. [] []
[2020-08-25T01:30:12.621704+07:00] log.DEBUG: ОТЛАДКА! Время генерации: 4.899062871933 сек. [] []
[2020-08-25T01:30:12.621793+07:00] log.INFO: ИНФОРМАЦИЯ! Время генерации: 4.899158000946 сек. [] []
[2020-08-25T01:30:12.621950+07:00] log.ERROR: ОШИБКА! Время генерации: 4.8993158340454 сек. [] []
[2020-08-25T01:30:12.622319+07:00] log.ALERT: ОПОВЕШЕНИЕ! Время генерации: 4.8996858596802 сек. [] []
[2020-08-25T01:30:12.622796+07:00] log.CRITICAL: КРИТИЧНО! Время генерации: 4.9001638889313 сек. [] []
[2020-08-25T01:30:12.623170+07:00] log.EMERGENCY: ЭКСТРЕННО! Время генерации: 4.9005389213562 сек. [] []
[2020-08-25T01:30:12.623718+07:00] log.DEBUG: Изменения в использовании памяти: 1470376 байтов [] []
[2020-08-25T01:30:17.547430+07:00] log.WARNING: ПРЕДУПРЕЖДЕНИЕ! Время генерации: 4.8679509162903 сек. [] []
[2020-08-25T01:30:17.548385+07:00] log.DEBUG: ОТЛАДКА! Время генерации: 4.8691020011902 сек. [] []
[2020-08-25T01:30:17.548473+07:00] log.INFO: ИНФОРМАЦИЯ! Время генерации: 4.869197845459 сек. [] []
[2020-08-25T01:30:17.548615+07:00] log.ERROR: ОШИБКА! Время генерации: 4.8693418502808 сек. [] []
[2020-08-25T01:30:17.549001+07:00] log.ALERT: ОПОВЕШЕНИЕ! Время генерации: 4.869726896286 сек. [] []
[2020-08-25T01:30:17.549501+07:00] log.CRITICAL: КРИТИЧНО! Время генерации: 4.8702268600464 сек. [] []
[2020-08-25T01:30:17.549872+07:00] log.EMERGENCY: ЭКСТРЕННО! Время генерации: 4.870600938797 сек. [] []
[2020-08-25T01:30:17.550419+07:00] log.DEBUG: Изменения в использовании памяти: 1470536 байтов [] []
[2020-08-25T01:30:20.031492+07:00] log.WARNING: ПРЕДУПРЕЖДЕНИЕ! Время генерации: 4.8918449878693 сек. [] []
[2020-08-25T01:30:20.032416+07:00] log.DEBUG: ОТЛАДКА! Время генерации: 4.8929431438446 сек. [] []
[2020-08-25T01:30:20.032502+07:00] log.INFO: ИНФОРМАЦИЯ! Время генерации: 4.8930330276489 сек. [] []
[2020-08-25T01:30:20.032646+07:00] log.ERROR: ОШИБКА! Время генерации: 4.8931789398193 сек. [] []
[2020-08-25T01:30:20.032982+07:00] log.ALERT: ОПОВЕШЕНИЕ! Время генерации: 4.8935160636902 сек. [] []
[2020-08-25T01:30:20.033450+07:00] log.CRITICAL: КРИТИЧНО! Время генерации: 4.893984079361 сек. [] []
[2020-08-25T01:30:20.033849+07:00] log.EMERGENCY: ЭКСТРЕННО! Время генерации: 4.8943829536438 сек. [] []
[2020-08-25T01:30:20.034389+07:00] log.DEBUG: Изменения в использовании памяти: 1470376 байтов [] []
[2020-08-25T01:30:24.895428+07:00] log.WARNING: ПРЕДУПРЕЖДЕНИЕ! Время генерации: 4.8238098621368 сек. [] []
[2020-08-25T01:30:24.896318+07:00] log.DEBUG: ОТЛАДКА! Время генерации: 4.8248708248138 сек. [] []
[2020-08-25T01:30:24.896405+07:00] log.INFO: ИНФОРМАЦИЯ! Время генерации: 4.8249609470367 сек. [] []
[2020-08-25T01:30:24.896545+07:00] log.ERROR: ОШИБКА! Время генерации: 4.8251030445099 сек. [] []
[2020-08-25T01:30:24.896878+07:00] log.ALERT: ОПОВЕШЕНИЕ! Время генерации: 4.8254368305206 сек. [] []
[2020-08-25T01:30:24.897344+07:00] log.CRITICAL: КРИТИЧНО! Время генерации: 4.8259029388428 сек. [] []
[2020-08-25T01:30:24.897712+07:00] log.EMERGENCY: ЭКСТРЕННО! Время генерации: 4.8262720108032 сек. [] []
[2020-08-25T01:30:24.898251+07:00] log.DEBUG: Изменения в использовании памяти: 1470536 байтов [] []
[2020-08-25T01:31:26.085686+07:00] log.WARNING: ПРЕДУПРЕЖДЕНИЕ! Время генерации: 5.0114169120789 сек. [] []
[2020-08-25T01:31:26.086614+07:00] log.DEBUG: ОТЛАДКА! Время генерации: 5.0125319957733 сек. [] []
[2020-08-25T01:31:26.086701+07:00] log.INFO: ИНФОРМАЦИЯ! Время генерации: 5.0126218795776 сек. [] []
[2020-08-25T01:31:26.086856+07:00] log.ERROR: ОШИБКА! Время генерации: 5.0127780437469 сек. [] []
[2020-08-25T01:31:26.087200+07:00] log.ALERT: ОПОВЕШЕНИЕ! Время генерации: 5.0131230354309 сек. [] []
[2020-08-25T01:31:26.087669+07:00] log.CRITICAL: КРИТИЧНО! Время генерации: 5.0135929584503 сек. [] []
[2020-08-25T01:31:26.088039+07:00] log.EMERGENCY: ЭКСТРЕННО! Время генерации: 5.0139639377594 сек. [] []
[2020-08-25T01:31:26.088554+07:00] log.DEBUG: Изменения в использовании памяти: 208640 байтов [] []
[2020-08-25T01:31:31.010193+07:00] log.WARNING: ПРЕДУПРЕЖДЕНИЕ! Время генерации: 4.8764209747314 сек. [] []
[2020-08-25T01:31:31.011514+07:00] log.DEBUG: ОТЛАДКА! Время генерации: 4.8779129981995 сек. [] []
[2020-08-25T01:31:31.011601+07:00] log.INFO: ИНФОРМАЦИЯ! Время генерации: 4.8780069351196 сек. [] []
[2020-08-25T01:31:31.011742+07:00] log.ERROR: ОШИБКА! Время генерации: 4.8781490325928 сек. [] []
[2020-08-25T01:31:31.012083+07:00] log.ALERT: ОПОВЕШЕНИЕ! Время генерации: 4.8784909248352 сек. [] []
[2020-08-25T01:31:31.012563+07:00] log.CRITICAL: КРИТИЧНО! Время генерации: 4.8789708614349 сек. [] []
[2020-08-25T01:31:31.012931+07:00] log.EMERGENCY: ЭКСТРЕННО! Время генерации: 4.8793399333954 сек. [] []
[2020-08-25T01:31:31.013458+07:00] log.DEBUG: Изменения в использовании памяти: 208640 байтов [] []
[2020-08-25T01:50:31.838223+07:00] log.WARNING: ПРЕДУПРЕЖДЕНИЕ! Время генерации: 4.7053489685059 сек. [] []
[2020-08-25T01:50:31.839194+07:00] log.DEBUG: ОТЛАДКА! Время генерации: 4.7065300941467 сек. [] []
[2020-08-25T01:50:31.839281+07:00] log.INFO: ИНФОРМАЦИЯ! Время генерации: 4.7066211700439 сек. [] []
[2020-08-25T01:50:31.839426+07:00] log.ERROR: ОШИБКА! Время генерации: 4.7067680358887 сек. [] []
[2020-08-25T01:50:31.839764+07:00] log.ALERT: ОПОВЕШЕНИЕ! Время генерации: 4.7071070671082 сек. [] []
[2020-08-25T01:50:31.840236+07:00] log.CRITICAL: КРИТИЧНО! Время генерации: 4.7075800895691 сек. [] []
[2020-08-25T01:50:31.840607+07:00] log.EMERGENCY: ЭКСТРЕННО! Время генерации: 4.7079510688782 сек. [] []
[2020-08-25T01:50:31.841119+07:00] log.DEBUG: Изменения в использовании памяти: 208640 байтов [] []
[2020-08-25T01:50:36.582198+07:00] log.WARNING: ПРЕДУПРЕЖДЕНИЕ! Время генерации: 4.698096036911 сек. [] []
[2020-08-25T01:50:36.583149+07:00] log.DEBUG: ОТЛАДКА! Время генерации: 4.6992440223694 сек. [] []
[2020-08-25T01:50:36.583236+07:00] log.INFO: ИНФОРМАЦИЯ! Время генерации: 4.6993360519409 сек. [] []
[2020-08-25T01:50:36.583388+07:00] log.ERROR: ОШИБКА! Время генерации: 4.6994891166687 сек. [] []
[2020-08-25T01:50:36.583727+07:00] log.ALERT: ОПОВЕШЕНИЕ! Время генерации: 4.6998291015625 сек. [] []
[2020-08-25T01:50:36.584214+07:00] log.CRITICAL: КРИТИЧНО! Время генерации: 4.700315952301 сек. [] []
[2020-08-25T01:50:36.584592+07:00] log.EMERGENCY: ЭКСТРЕННО! Время генерации: 4.7006950378418 сек. [] []
[2020-08-25T01:50:36.585104+07:00] log.DEBUG: Изменения в использовании памяти: 208640 байтов [] []
[2020-08-25T01:52:18.410274+07:00] log.WARNING: ПРЕДУПРЕЖДЕНИЕ! Время генерации: 4.6920921802521 сек. [] []
[2020-08-25T01:52:18.411184+07:00] log.DEBUG: ОТЛАДКА! Время генерации: 4.6931731700897 сек. [] []
[2020-08-25T01:52:18.411271+07:00] log.INFO: ИНФОРМАЦИЯ! Время генерации: 4.6932640075684 сек. [] []
[2020-08-25T01:52:18.411449+07:00] log.ERROR: ОШИБКА! Время генерации: 4.6934430599213 сек. [] []
[2020-08-25T01:52:18.411795+07:00] log.ALERT: ОПОВЕШЕНИЕ! Время генерации: 4.6937901973724 сек. [] []
[2020-08-25T01:52:18.412294+07:00] log.CRITICAL: КРИТИЧНО! Время генерации: 4.6942892074585 сек. [] []
[2020-08-25T01:52:18.412671+07:00] log.EMERGENCY: ЭКСТРЕННО! Время генерации: 4.694669008255 сек. [] []
[2020-08-25T01:52:18.413191+07:00] log.DEBUG: Изменения в использовании памяти: 208640 байтов [] []
[2020-08-25T01:52:23.167132+07:00] log.WARNING: ПРЕДУПРЕЖДЕНИЕ! Время генерации: 4.7120180130005 сек. [] []
[2020-08-25T01:52:23.168127+07:00] log.DEBUG: ОТЛАДКА! Время генерации: 4.7132740020752 сек. [] []
[2020-08-25T01:52:23.168226+07:00] log.INFO: ИНФОРМАЦИЯ! Время генерации: 4.7133810520172 сек. [] []
[2020-08-25T01:52:23.168368+07:00] log.ERROR: ОШИБКА! Время генерации: 4.7135241031647 сек. [] []
[2020-08-25T01:52:23.168704+07:00] log.ALERT: ОПОВЕШЕНИЕ! Время генерации: 4.7138619422913 сек. [] []
[2020-08-25T01:52:23.169185+07:00] log.CRITICAL: КРИТИЧНО! Время генерации: 4.7143430709839 сек. [] []
[2020-08-25T01:52:23.169558+07:00] log.EMERGENCY: ЭКСТРЕННО! Время генерации: 4.7147169113159 сек. [] []
[2020-08-25T01:52:23.170098+07:00] log.DEBUG: Изменения в использовании памяти: 208640 байтов [] []
[2020-08-25T02:03:35.064983+07:00] log.WARNING: ПРЕДУПРЕЖДЕНИЕ! Время генерации: 4.9029660224915 сек. [] []
[2020-08-25T02:03:35.065963+07:00] log.DEBUG: ОТЛАДКА! Время генерации: 4.9041230678558 сек. [] []
[2020-08-25T02:03:35.066050+07:00] log.INFO: ИНФОРМАЦИЯ! Время генерации: 4.9042141437531 сек. [] []
[2020-08-25T02:03:35.066229+07:00] log.ERROR: ОШИБКА! Время генерации: 4.9043951034546 сек. [] []
[2020-08-25T02:03:35.066569+07:00] log.ALERT: ОПОВЕШЕНИЕ! Время генерации: 4.9047360420227 сек. [] []
[2020-08-25T02:03:35.067055+07:00] log.CRITICAL: КРИТИЧНО! Время генерации: 4.9052221775055 сек. [] []
[2020-08-25T02:03:35.067424+07:00] log.EMERGENCY: ЭКСТРЕННО! Время генерации: 4.9055931568146 сек. [] []
[2020-08-25T02:03:35.067940+07:00] log.DEBUG: Изменения в использовании памяти: 208640 байтов [] []
[2020-08-25T02:03:40.001637+07:00] log.WARNING: ПРЕДУПРЕЖДЕНИЕ! Время генерации: 4.8840341567993 сек. [] []
[2020-08-25T02:03:40.002591+07:00] log.DEBUG: ОТЛАДКА! Время генерации: 4.8851630687714 сек. [] []
[2020-08-25T02:03:40.002677+07:00] log.INFO: ИНФОРМАЦИЯ! Время генерации: 4.8852560520172 сек. [] []
[2020-08-25T02:03:40.002833+07:00] log.ERROR: ОШИБКА! Время генерации: 4.8854081630707 сек. [] []
[2020-08-25T02:03:40.003181+07:00] log.ALERT: ОПОВЕШЕНИЕ! Время генерации: 4.8857622146606 сек. [] []
[2020-08-25T02:03:40.003651+07:00] log.CRITICAL: КРИТИЧНО! Время генерации: 4.8862321376801 сек. [] []
[2020-08-25T02:03:40.004019+07:00] log.EMERGENCY: ЭКСТРЕННО! Время генерации: 4.8866012096405 сек. [] []
[2020-08-25T02:03:40.004532+07:00] log.DEBUG: Изменения в использовании памяти: 208640 байтов [] []
[2020-08-25T02:08:24.310573+07:00] log.WARNING: ПРЕДУПРЕЖДЕНИЕ! Время генерации: 4.7039999961853 сек. [] []
[2020-08-25T02:08:24.311555+07:00] log.DEBUG: ОТЛАДКА! Время генерации: 4.7051470279694 сек. [] []
[2020-08-25T02:08:24.311695+07:00] log.INFO: ИНФОРМАЦИЯ! Время генерации: 4.705286026001 сек. [] []
[2020-08-25T02:08:24.311853+07:00] log.ERROR: ОШИБКА! Время генерации: 4.7054510116577 сек. [] []
[2020-08-25T02:08:24.312266+07:00] log.ALERT: ОПОВЕШЕНИЕ! Время генерации: 4.7058629989624 сек. [] []
[2020-08-25T02:08:24.312798+07:00] log.CRITICAL: КРИТИЧНО! Время генерации: 4.706395149231 сек. [] []
[2020-08-25T02:08:24.313211+07:00] log.EMERGENCY: ЭКСТРЕННО! Время генерации: 4.7068099975586 сек. [] []
[2020-08-25T02:08:24.313782+07:00] log.DEBUG: Изменения в использовании памяти: 208640 байтов [] []
[2020-08-25T02:08:29.058450+07:00] log.WARNING: ПРЕДУПРЕЖДЕНИЕ! Время генерации: 4.6745629310608 сек. [] []
[2020-08-25T02:08:29.059462+07:00] log.DEBUG: ОТЛАДКА! Время генерации: 4.6757478713989 сек. [] []
[2020-08-25T02:08:29.059549+07:00] log.INFO: ИНФОРМАЦИЯ! Время генерации: 4.6758418083191 сек. [] []
[2020-08-25T02:08:29.059688+07:00] log.ERROR: ОШИБКА! Время генерации: 4.6759829521179 сек. [] []
[2020-08-25T02:08:29.060018+07:00] log.ALERT: ОПОВЕШЕНИЕ! Время генерации: 4.6763138771057 сек. [] []
[2020-08-25T02:08:29.060479+07:00] log.CRITICAL: КРИТИЧНО! Время генерации: 4.6767749786377 сек. [] []
[2020-08-25T02:08:29.060859+07:00] log.EMERGENCY: ЭКСТРЕННО! Время генерации: 4.6771528720856 сек. [] []
[2020-08-25T02:08:29.061367+07:00] log.DEBUG: Изменения в использовании памяти: 208640 байтов [] []
[2020-08-25T02:13:51.763946+07:00] log.WARNING: ПРЕДУПРЕЖДЕНИЕ! Время генерации: 4.7142989635468 сек. [] []
[2020-08-25T02:13:51.764855+07:00] log.DEBUG: ОТЛАДКА! Время генерации: 4.7153968811035 сек. [] []
[2020-08-25T02:13:51.764940+07:00] log.INFO: ИНФОРМАЦИЯ! Время генерации: 4.7154870033264 сек. [] []
[2020-08-25T02:13:51.765080+07:00] log.ERROR: ОШИБКА! Время генерации: 4.7156279087067 сек. [] []
[2020-08-25T02:13:51.765430+07:00] log.ALERT: ОПОВЕШЕНИЕ! Время генерации: 4.7159779071808 сек. [] []
[2020-08-25T02:13:51.765898+07:00] log.CRITICAL: КРИТИЧНО! Время генерации: 4.7164468765259 сек. [] []
[2020-08-25T02:13:51.766269+07:00] log.EMERGENCY: ЭКСТРЕННО! Время генерации: 4.7168200016022 сек. [] []
[2020-08-25T02:13:51.766774+07:00] log.DEBUG: Изменения в использовании памяти: 208640 байтов [] []
[2020-08-25T02:13:56.456481+07:00] log.WARNING: ПРЕДУПРЕЖДЕНИЕ! Время генерации: 4.6409571170807 сек. [] []
[2020-08-25T02:13:56.457373+07:00] log.DEBUG: ОТЛАДКА! Время генерации: 4.64200091362 сек. [] []
[2020-08-25T02:13:56.457458+07:00] log.INFO: ИНФОРМАЦИЯ! Время генерации: 4.6420910358429 сек. [] []
[2020-08-25T02:13:56.457598+07:00] log.ERROR: ОШИБКА! Время генерации: 4.6422319412231 сек. [] []
[2020-08-25T02:13:56.457929+07:00] log.ALERT: ОПОВЕШЕНИЕ! Время генерации: 4.6425640583038 сек. [] []
[2020-08-25T02:13:56.458418+07:00] log.CRITICAL: КРИТИЧНО! Время генерации: 4.6430530548096 сек. [] []
[2020-08-25T02:13:56.458797+07:00] log.EMERGENCY: ЭКСТРЕННО! Время генерации: 4.6434330940247 сек. [] []
[2020-08-25T02:13:56.459301+07:00] log.DEBUG: Изменения в использовании памяти: 208640 байтов [] []
[2020-08-25T02:14:13.648954+07:00] log.WARNING: ПРЕДУПРЕЖДЕНИЕ! Время генерации: 4.6761980056763 сек. [] []
[2020-08-25T02:14:13.649847+07:00] log.DEBUG: ОТЛАДКА! Время генерации: 4.6772470474243 сек. [] []
[2020-08-25T02:14:13.649953+07:00] log.INFO: ИНФОРМАЦИЯ! Время генерации: 4.677356004715 сек. [] []
[2020-08-25T02:14:13.650094+07:00] log.ERROR: ОШИБКА! Время генерации: 4.6774990558624 сек. [] []
[2020-08-25T02:14:13.650429+07:00] log.ALERT: ОПОВЕШЕНИЕ! Время генерации: 4.6778340339661 сек. [] []
[2020-08-25T02:14:13.650901+07:00] log.CRITICAL: КРИТИЧНО! Время генерации: 4.678307056427 сек. [] []
[2020-08-25T02:14:13.651266+07:00] log.EMERGENCY: ЭКСТРЕННО! Время генерации: 4.6786730289459 сек. [] []
[2020-08-25T02:14:13.651772+07:00] log.DEBUG: Изменения в использовании памяти: 208640 байтов [] []
[2020-08-25T02:14:18.375540+07:00] log.WARNING: ПРЕДУПРЕЖДЕНИЕ! Время генерации: 4.6639881134033 сек. [] []
[2020-08-25T02:14:18.376457+07:00] log.DEBUG: ОТЛАДКА! Время генерации: 4.6650640964508 сек. [] []
[2020-08-25T02:14:18.376543+07:00] log.INFO: ИНФОРМАЦИЯ! Время генерации: 4.6651570796967 сек. [] []
[2020-08-25T02:14:18.376681+07:00] log.ERROR: ОШИБКА! Время генерации: 4.6652960777283 сек. [] []
[2020-08-25T02:14:18.377015+07:00] log.ALERT: ОПОВЕШЕНИЕ! Время генерации: 4.6656310558319 сек. [] []
[2020-08-25T02:14:18.377468+07:00] log.CRITICAL: КРИТИЧНО! Время генерации: 4.6660850048065 сек. [] []
[2020-08-25T02:14:18.377829+07:00] log.EMERGENCY: ЭКСТРЕННО! Время генерации: 4.6664471626282 сек. [] []
[2020-08-25T02:14:18.378325+07:00] log.DEBUG: Изменения в использовании памяти: 208640 байтов [] []
[2020-08-25T02:17:13.367385+07:00] log.WARNING: ПРЕДУПРЕЖДЕНИЕ! Время генерации: 9.6282279491425 сек. [] []
[2020-08-25T02:17:13.373400+07:00] log.DEBUG: ОТЛАДКА! Время генерации: 9.6344990730286 сек. [] []
[2020-08-25T02:17:13.375365+07:00] log.INFO: ИНФОРМАЦИЯ! Время генерации: 9.6364789009094 сек. [] []
[2020-08-25T02:17:13.378139+07:00] log.ERROR: ОШИБКА! Время генерации: 9.6392850875854 сек. [] []
[2020-08-25T02:17:13.383814+07:00] log.ALERT: ОПОВЕШЕНИЕ! Время генерации: 9.6449708938599 сек. [] []
[2020-08-25T02:17:13.391680+07:00] log.CRITICAL: КРИТИЧНО! Время генерации: 9.6528339385986 сек. [] []
[2020-08-25T02:17:13.398212+07:00] log.EMERGENCY: ЭКСТРЕННО! Время генерации: 9.659383058548 сек. [] []
[2020-08-25T02:17:13.406780+07:00] log.DEBUG: Изменения в использовании памяти: 211704 байтов [] []
[2020-08-25T02:17:23.002556+07:00] log.WARNING: ПРЕДУПРЕЖДЕНИЕ! Время генерации: 9.5373811721802 сек. [] []
[2020-08-25T02:17:23.008366+07:00] log.DEBUG: ОТЛАДКА! Время генерации: 9.5434610843658 сек. [] []
[2020-08-25T02:17:23.010302+07:00] log.INFO: ИНФОРМАЦИЯ! Время генерации: 9.5454030036926 сек. [] []
[2020-08-25T02:17:23.013131+07:00] log.ERROR: ОШИБКА! Время генерации: 9.5482540130615 сек. [] []
[2020-08-25T02:17:23.018643+07:00] log.ALERT: ОПОВЕШЕНИЕ! Время генерации: 9.5537741184235 сек. [] []
[2020-08-25T02:17:23.026182+07:00] log.CRITICAL: КРИТИЧНО! Время генерации: 9.5613150596619 сек. [] []
[2020-08-25T02:17:23.033033+07:00] log.EMERGENCY: ЭКСТРЕННО! Время генерации: 9.568176984787 сек. [] []
[2020-08-25T02:17:23.042163+07:00] log.DEBUG: Изменения в использовании памяти: 211704 байтов [] []
[2020-08-25T02:19:19.087411+07:00] log.WARNING: ПРЕДУПРЕЖДЕНИЕ! Время генерации: 9.7776601314545 сек. [] []
[2020-08-25T02:19:19.093923+07:00] log.DEBUG: ОТЛАДКА! Время генерации: 9.784441947937 сек. [] []
[2020-08-25T02:19:19.095981+07:00] log.INFO: ИНФОРМАЦИЯ! Время генерации: 9.7865099906921 сек. [] []
[2020-08-25T02:19:19.099010+07:00] log.ERROR: ОШИБКА! Время генерации: 9.7895569801331 сек. [] []
[2020-08-25T02:19:19.105060+07:00] log.ALERT: ОПОВЕШЕНИЕ! Время генерации: 9.7956249713898 сек. [] []
[2020-08-25T02:19:19.113798+07:00] log.CRITICAL: КРИТИЧНО! Время генерации: 9.8043611049652 сек. [] []
[2020-08-25T02:19:19.120956+07:00] log.EMERGENCY: ЭКСТРЕННО! Время генерации: 9.811527967453 сек. [] []
[2020-08-25T02:19:19.130188+07:00] log.DEBUG: Изменения в использовании памяти: 211704 байтов [] []
[2020-08-25T02:19:29.005881+07:00] log.WARNING: ПРЕДУПРЕЖДЕНИЕ! Время генерации: 9.8115828037262 сек. [] []
[2020-08-25T02:19:29.012182+07:00] log.DEBUG: ОТЛАДКА! Время генерации: 9.8181810379028 сек. [] []
[2020-08-25T02:19:29.014247+07:00] log.INFO: ИНФОРМАЦИЯ! Время генерации: 9.820259809494 сек. [] []
[2020-08-25T02:19:29.017227+07:00] log.ERROR: ОШИБКА! Время генерации: 9.8232588768005 сек. [] []
[2020-08-25T02:19:29.023160+07:00] log.ALERT: ОПОВЕШЕНИЕ! Время генерации: 9.829206943512 сек. [] []
[2020-08-25T02:19:29.031378+07:00] log.CRITICAL: КРИТИЧНО! Время генерации: 9.8374259471893 сек. [] []
[2020-08-25T02:19:29.038175+07:00] log.EMERGENCY: ЭКСТРЕННО! Время генерации: 9.8442318439484 сек. [] []
[2020-08-25T02:19:29.047494+07:00] log.DEBUG: Изменения в использовании памяти: 211704 байтов [] []
