vagrant@server1:~/dev/app1$ sudo apt install zabbix-server-mysql zabbix-frontend-php zabbix-nginx-conf
vagrant@server1:~/dev/app1$ systemctl status zabbix-server
● zabbix-server.service - Zabbix Server
     Loaded: loaded (/lib/systemd/system/zabbix-server.service; enabled; vendor preset: enabled)
     Active: active (running) since Sun 2020-09-13 08:07:50 UTC; 7min ago
   Main PID: 8323 (zabbix_server)
      Tasks: 38 (limit: 1113)
     Memory: 68.3M


vagrant@server1:~/dev/app1$ sudo mysql -uroot -proot

MariaDB [(none)]> create database zabbix character set utf8 collate utf8_bin;
MariaDB [(none)]> CREATE USER 'zabbix'@'localhost' IDENTIFIED BY 'zabbix';
MariaDB [(none)]> GRANT ALL PRIVILEGES ON zabbix.* to 'zabbix'@'localhost';
MariaDB [(none)]> FLUSH PRIVILEGES;
MariaDB [(none)]> SHOW GRANTS FOR 'zabbix'@'localhost';
+-------------------------------------------------------------------------------------------------------+
| Grants for zabbix@localhost                                                                                   |
+-------------------------------------------------------------------------------------------------------+
| GRANT USAGE ON *.* TO 'zabbix'@'localhost' IDENTIFIED BY PASSWORD '*23AE809DDACAF96AF0FD78ED04B6A265E05AA257' |
| GRANT ALL PRIVILEGES ON 'zabbix'.* TO 'zabbix'@'localhost'                                                    |
+-------------------------------------------------------------------------------------------------------+
2 rows in set (0.000 sec)

MariaDB [(none)]>exit;

vagrant@server1:~/dev/app1$ sudo zcat /usr/share/doc/zabbix-server-mysql*/create.sql.gz | mysql -uzabbix -p zabbix
vagrant@server1:~/dev/app1$ sudo nano /etc/zabbix/zabbix_server.conf.d/zserver.conf (отрдактированный файл прилагается)
vagrant@server1:~/dev/app1$ sudo nano /etc/nginx/conf.d/zabbix.local.conf (отрдактированный файл прилагается)
vagrant@server1:~/dev/app1$ sudo systemctl restart zabbix-server zabbix-agent nginx php7.4-fpm
vagrant@server1:~/dev/app1$ sudo systemctl enable zabbix-server zabbix-agent nginx php7.4-fpm 
