[vagrant@vagrant-virtualbox dump]$ ls -lah
total 137M
drwxr-xr-x  2 vagrant vagrant 4.0K Aug 26 11:02 .
drwxr-xr-x 11 vagrant vagrant 4.0K Aug 26 19:09 ..
-rw-r--r--  1 vagrant vagrant 136M Jan 17  2019 db.sql
-rw-r--r--  1 vagrant vagrant  704 Jan 17  2019 explain_models_patch_1.sql
-rw-r--r--  1 vagrant vagrant  224 Jan 17  2019 explain_models_patch_2.sql
-rw-r--r--  1 vagrant vagrant 222K Jan 17  2019 explain_models.sql

[vagrant@vagrant-virtualbox dump]$ mysql -uroot -proot < db.sql
[vagrant@vagrant-virtualbox dump]$ mysql -uroot -p0o skytech < explain_models.sql
[vagrant@vagrant-virtualbox dump]$ mysql -uroot -proot
Welcome to the MariaDB monitor.  Commands end with ; or \g.
Your MariaDB connection id is 10
Server version: 10.4.14-MariaDB Arch Linux

Copyright (c) 2000, 2018, Oracle, MariaDB Corporation Ab and others.

Type 'help;' or '\h' for help. Type '\c' to clear the current input statement.

MariaDB [(none)]> USE skytech
Reading table information for completion of table and column names
You can turn off this feature to get a quicker startup with -A

Database changed
MariaDB [skytech]> SHOW TABLES;
+-------------------+
| Tables_in_skytech |
+-------------------+
| b_sale_basket     |
| customers         |
| employees         |
| offices           |
| orderdetails      |
| orders            |
| payments          |
| productlines      |
| products          |
| productvariants   |
+-------------------+
10 rows in set (0.001 sec)

MariaDB [(none)]> GRANT ALL PRIVILEGES ON skytech.* to 'appuser'@'%';
Query OK, 0 rows affected (0.004 sec)

MariaDB [(none)]> FLUSH PRIVILEGES;
Query OK, 0 rows affected (0.001 sec)

MariaDB [(none)]> exit
Bye

ПОЛАГАЮ патчи надо накладывать с хоста из workbench, чтобы на вкладке мониторинг ощутить прирост производительности
или тут смотреть вывод команды explain про которую обещали рассказать на следующем занятии ...