[vagrant@manjaro-x64 servers_up]$ sudo systemctl status nginx php-fpm mariadb
● nginx.service - A high performance web server and a reverse proxy server
     Loaded: loaded (/usr/lib/systemd/system/nginx.service; enabled; vendor preset: disabled)
     Active: active (running) since Wed 2020-08-19 10:22:07 EDT; 5s ago
    Process: 1544 ExecStart=/usr/bin/nginx -g pid /run/nginx.pid; error_log stderr; (code=exited, status=0/SUCCESS)
   Main PID: 1548 (nginx)
      Tasks: 5 (limit: 2366)
     Memory: 5.1M
     CGroup: /system.slice/nginx.service
             ├─1548 nginx: master process /usr/bin/nginx -g pid /run/nginx.pid; error_log stderr;
             ├─1549 nginx: worker process
             ├─1550 nginx: worker process
             ├─1551 nginx: worker process
             └─1552 nginx: worker process

Aug 19 10:22:07 manjaro-x64 systemd[1]: Starting A high performance web server and a reverse proxy server...
Aug 19 10:22:07 manjaro-x64 systemd[1]: Started A high performance web server and a reverse proxy server.

● php-fpm.service - The PHP FastCGI Process Manager
     Loaded: loaded (/usr/lib/systemd/system/php-fpm.service; enabled; vendor preset: disabled)
     Active: active (running) since Wed 2020-08-19 10:22:07 EDT; 5s ago
   Main PID: 1546 (php-fpm)
     Status: "Ready to handle connections"
      Tasks: 3 (limit: 2366)
     Memory: 6.8M
     CGroup: /system.slice/php-fpm.service
             ├─1546 php-fpm: master process (/etc/php/php-fpm.conf)
             ├─1553 php-fpm: pool www
             └─1554 php-fpm: pool www

Aug 19 10:22:07 manjaro-x64 systemd[1]: Starting The PHP FastCGI Process Manager...
Aug 19 10:22:07 manjaro-x64 php-fpm[1546]: [NOTICE] fpm is running, pid 1546
Aug 19 10:22:07 manjaro-x64 php-fpm[1546]: [NOTICE] ready to handle connections
Aug 19 10:22:07 manjaro-x64 systemd[1]: Started The PHP FastCGI Process Manager.
Aug 19 10:22:07 manjaro-x64 php-fpm[1546]: [NOTICE] systemd monitor interval set to 10000ms

● mariadb.service - MariaDB 10.4.14 database server
     Loaded: loaded (/usr/lib/systemd/system/mariadb.service; enabled; vendor preset: disabled)
     Active: active (running) since Wed 2020-08-19 10:22:09 EDT; 3s ago
       Docs: man:mysqld(8)
             https://mariadb.com/kb/en/library/systemd/
    Process: 1557 ExecStartPre=/bin/sh -c systemctl unset-environment _WSREP_START_POSITION (code=exited, status=0/SUCCESS)
    Process: 1558 ExecStartPre=/bin/sh -c [ ! -e /usr/bin/galera_recovery ] && VAR= ||   VAR=`cd /usr/bin/..; /usr/bin/galera_recovery`; [ $? -eq 0 ]   && systemctl set-environment _WSREP_START_POSITION=$VAR || exit 1 (code=exited, statu>
    Process: 1600 ExecStartPost=/bin/sh -c systemctl unset-environment _WSREP_START_POSITION (code=exited, status=0/SUCCESS)
   Main PID: 1569 (mysqld)
     Status: "Taking your SQL requests now..."
      Tasks: 30 (limit: 2366)
     Memory: 61.9M
     CGroup: /system.slice/mariadb.service
             └─1569 /usr/bin/mysqld

Aug 19 10:22:09 manjaro-x64 mysqld[1569]: 2020-08-19 10:22:09 0 [Note] InnoDB: Waiting for purge to start
Aug 19 10:22:09 manjaro-x64 mysqld[1569]: 2020-08-19 10:22:09 0 [Note] InnoDB: 10.4.14 started; log sequence number 60976; transaction id 21
Aug 19 10:22:09 manjaro-x64 mysqld[1569]: 2020-08-19 10:22:09 0 [Note] InnoDB: Loading buffer pool(s) from /var/lib/mysql/ib_buffer_pool
Aug 19 10:22:09 manjaro-x64 mysqld[1569]: 2020-08-19 10:22:09 0 [Note] InnoDB: Buffer pool(s) load completed at 200819 10:22:09
Aug 19 10:22:09 manjaro-x64 mysqld[1569]: 2020-08-19 10:22:09 0 [Note] Server socket created on IP: '::'.
Aug 19 10:22:09 manjaro-x64 mysqld[1569]: 2020-08-19 10:22:09 0 [Note] Reading of all Master_info entries succeeded
Aug 19 10:22:09 manjaro-x64 mysqld[1569]: 2020-08-19 10:22:09 0 [Note] Added new Master_info '' to hash table
Aug 19 10:22:09 manjaro-x64 mysqld[1569]: 2020-08-19 10:22:09 0 [Note] /usr/bin/mysqld: ready for connections.
Aug 19 10:22:09 manjaro-x64 mysqld[1569]: Version: '10.4.14-MariaDB'  socket: '/run/mysqld/mysqld.sock'  port: 3306  Arch Linux
Aug 19 10:22:09 manjaro-x64 systemd[1]: Started MariaDB 10.4.14 database server.
lines 8-60/60 (END)

